2022-05-07 19:34:06.480 [main] INFO  com.spring.log.LogApplication - msg : 'Starting LogApplication using Java 11.0.10 on nogyeongjun-ui-MacBookPro.local with PID 64718 (/Users/kyungjunnoh/Develop/blog/spring-log/build/classes/java/main started by kyungjunnoh in /Users/kyungjunnoh/Develop/blog/spring-log)'
2022-05-07 19:34:06.484 [main] INFO  com.spring.log.LogApplication - msg : 'The following 1 profile is active: "prod"'
2022-05-07 19:34:07.730 [main] INFO  o.s.b.w.e.tomcat.TomcatWebServer - msg : 'Tomcat initialized with port(s): 8080 (http)'
2022-05-07 19:34:07.738 [main] INFO  o.a.coyote.http11.Http11NioProtocol - msg : 'Initializing ProtocolHandler ["http-nio-8080"]'
2022-05-07 19:34:07.739 [main] INFO  o.a.catalina.core.StandardService - msg : 'Starting service [Tomcat]'
2022-05-07 19:34:07.739 [main] INFO  o.a.catalina.core.StandardEngine - msg : 'Starting Servlet engine: [Apache Tomcat/9.0.62]'
2022-05-07 19:34:07.808 [main] INFO  o.a.c.c.C.[Tomcat].[localhost].[/] - msg : 'Initializing Spring embedded WebApplicationContext'
2022-05-07 19:34:07.808 [main] INFO  o.s.b.w.s.c.ServletWebServerApplicationContext - msg : 'Root WebApplicationContext: initialization completed in 1234 ms'
2022-05-07 19:34:08.048 [main] INFO  o.a.coyote.http11.Http11NioProtocol - msg : 'Starting ProtocolHandler ["http-nio-8080"]'
2022-05-07 19:34:08.080 [main] INFO  o.s.b.w.e.tomcat.TomcatWebServer - msg : 'Tomcat started on port(s): 8080 (http) with context path '''
2022-05-07 19:34:08.090 [main] INFO  com.spring.log.LogApplication - msg : 'Started LogApplication in 2.166 seconds (JVM running for 3.008)'
2022-05-07 19:34:16.747 [http-nio-8080-exec-1] INFO  o.a.c.c.C.[Tomcat].[localhost].[/] - msg : 'Initializing Spring DispatcherServlet 'dispatcherServlet''
2022-05-07 19:34:16.747 [http-nio-8080-exec-1] INFO  o.s.web.servlet.DispatcherServlet - msg : 'Initializing Servlet 'dispatcherServlet''
2022-05-07 19:34:16.748 [http-nio-8080-exec-1] INFO  o.s.web.servlet.DispatcherServlet - msg : 'Completed initialization in 1 ms'
2022-05-07 19:34:16.767 [http-nio-8080-exec-1] INFO  c.s.log.controller.HelloController - msg : 'hello!'
2022-05-07 19:34:20.811 [http-nio-8080-exec-2] INFO  c.s.log.controller.HelloController - msg : 'hello!'
2022-05-07 19:34:38.416 [http-nio-8080-exec-5] INFO  c.s.log.controller.HelloController - msg : 'hello!'
2022-05-07 19:34:41.361 [http-nio-8080-exec-6] INFO  c.s.log.controller.HelloController - msg : 'hello!'
2022-05-07 19:34:42.665 [http-nio-8080-exec-7] INFO  c.s.log.controller.HelloController - msg : 'hello!'
2022-05-07 19:34:44.338 [http-nio-8080-exec-8] INFO  c.s.log.controller.HelloController - msg : 'hello!'
2022-05-07 19:34:46.147 [http-nio-8080-exec-9] INFO  c.s.log.controller.HelloController - msg : 'hello!'
2022-05-07 19:34:47.662 [http-nio-8080-exec-10] INFO  c.s.log.controller.HelloController - msg : 'hello!'
2022-05-07 19:34:49.806 [http-nio-8080-exec-1] INFO  c.s.log.controller.HelloController - msg : 'hello!'
2022-05-07 19:34:50.886 [http-nio-8080-exec-2] INFO  c.s.log.controller.HelloController - msg : 'hello!'
2022-05-07 19:34:52.041 [http-nio-8080-exec-3] INFO  c.s.log.controller.HelloController - msg : 'hello!'
2022-05-07 19:36:29.131 [main] INFO  com.spring.log.LogApplication - msg : 'Starting LogApplication using Java 11.0.10 on nogyeongjun-ui-MacBookPro.local with PID 64825 (/Users/kyungjunnoh/Develop/blog/spring-log/build/classes/java/main started by kyungjunnoh in /Users/kyungjunnoh/Develop/blog/spring-log)'
2022-05-07 19:36:29.136 [main] INFO  com.spring.log.LogApplication - msg : 'The following 1 profile is active: "prod"'
2022-05-07 19:36:29.855 [main] INFO  o.s.b.w.e.tomcat.TomcatWebServer - msg : 'Tomcat initialized with port(s): 8080 (http)'
2022-05-07 19:36:29.861 [main] INFO  o.a.coyote.http11.Http11NioProtocol - msg : 'Initializing ProtocolHandler ["http-nio-8080"]'
2022-05-07 19:36:29.861 [main] INFO  o.a.catalina.core.StandardService - msg : 'Starting service [Tomcat]'
2022-05-07 19:36:29.861 [main] INFO  o.a.catalina.core.StandardEngine - msg : 'Starting Servlet engine: [Apache Tomcat/9.0.62]'
2022-05-07 19:36:29.940 [main] INFO  o.a.c.c.C.[Tomcat].[localhost].[/] - msg : 'Initializing Spring embedded WebApplicationContext'
2022-05-07 19:36:29.941 [main] INFO  o.s.b.w.s.c.ServletWebServerApplicationContext - msg : 'Root WebApplicationContext: initialization completed in 739 ms'
2022-05-07 19:36:30.379 [main] INFO  o.a.coyote.http11.Http11NioProtocol - msg : 'Starting ProtocolHandler ["http-nio-8080"]'
2022-05-07 19:36:30.435 [main] INFO  o.s.b.w.e.tomcat.TomcatWebServer - msg : 'Tomcat started on port(s): 8080 (http) with context path '''
2022-05-07 19:36:30.450 [main] INFO  com.spring.log.LogApplication - msg : 'Started LogApplication in 1.818 seconds (JVM running for 2.541)'
